<?xml version="1.0" encoding="utf-8"?>
<CoverageSession xmlns:xsd="http://www.w3.org/2001/XMLSchema" xmlns:xsi="http://www.w3.org/2001/XMLSchema-instance">
  <Summary numSequencePoints="52" visitedSequencePoints="0" numBranchPoints="14" visitedBranchPoints="0" sequenceCoverage="0" branchCoverage="0" maxCyclomaticComplexity="3" minCyclomaticComplexity="1" visitedClasses="0" numClasses="6" visitedMethods="0" numMethods="12" />
  <Modules>
    <Module hash="29-5D-C3-70-EE-B3-31-5F-AC-ED-E8-F3-77-C3-8F-EA-C3-AA-FF-AA">
      <Summary numSequencePoints="46" visitedSequencePoints="0" numBranchPoints="12" visitedBranchPoints="0" sequenceCoverage="0" branchCoverage="0" maxCyclomaticComplexity="3" minCyclomaticComplexity="1" visitedClasses="0" numClasses="4" visitedMethods="0" numMethods="10" />
      <ModulePath>D:\WORK\R&amp;D\UnitTestCodeCoverage\src\InMemory.Test\bin\Debug\netcoreapp1.1\InMemoryDatabaseAspNetCore.dll</ModulePath>
      <ModuleTime>2017-03-11T10:18:22.2090582Z</ModuleTime>
      <ModuleName>InMemoryDatabaseAspNetCore</ModuleName>
      <Files>
        <File uid="1" fullPath="D:\WORK\R&amp;D\UnitTestCodeCoverage\src\InMemoryDatabaseAspNetCore\Program.cs" />
        <File uid="2" fullPath="D:\WORK\R&amp;D\UnitTestCodeCoverage\src\InMemoryDatabaseAspNetCore\Startup.cs" />
        <File uid="4" fullPath="D:\WORK\R&amp;D\UnitTestCodeCoverage\src\InMemoryDatabaseAspNetCore\Controllers\HomeController.cs" />
      </Files>
      <Classes>
        <Class>
          <Summary numSequencePoints="4" visitedSequencePoints="0" numBranchPoints="1" visitedBranchPoints="0" sequenceCoverage="0" branchCoverage="0" maxCyclomaticComplexity="1" minCyclomaticComplexity="1" visitedClasses="0" numClasses="1" visitedMethods="0" numMethods="1" />
          <FullName>InMemoryDatabaseAspNetCore.Program</FullName>
          <Methods>
            <Method visited="false" cyclomaticComplexity="1" nPathComplexity="0" sequenceCoverage="0" branchCoverage="0" isConstructor="false" isStatic="true" isGetter="false" isSetter="false">
              <Summary numSequencePoints="4" visitedSequencePoints="0" numBranchPoints="1" visitedBranchPoints="0" sequenceCoverage="0" branchCoverage="0" maxCyclomaticComplexity="1" minCyclomaticComplexity="1" visitedClasses="0" numClasses="0" visitedMethods="0" numMethods="1" />
              <MetadataToken>100663297</MetadataToken>
              <Name>System.Void InMemoryDatabaseAspNetCore.Program::Main(System.String[])</Name>
              <FileRef uid="1" />
              <SequencePoints>
                <SequencePoint vc="0" uspid="1" ordinal="0" offset="0" sl="13" sc="9" el="13" ec="10" bec="0" bev="0" fileid="1" />
                <SequencePoint vc="0" uspid="2" ordinal="1" offset="1" sl="14" sc="13" el="19" ec="26" bec="0" bev="0" fileid="1" />
                <SequencePoint vc="0" uspid="3" ordinal="2" offset="37" sl="21" sc="13" el="21" ec="24" bec="0" bev="0" fileid="1" />
                <SequencePoint vc="0" uspid="4" ordinal="3" offset="44" sl="22" sc="9" el="22" ec="10" bec="0" bev="0" fileid="1" />
              </SequencePoints>
              <BranchPoints />
              <MethodPoint xsi:type="SequencePoint" vc="0" uspid="1" ordinal="0" offset="0" sl="13" sc="9" el="13" ec="10" bec="0" bev="0" fileid="1" />
            </Method>
            <Method visited="false" cyclomaticComplexity="1" nPathComplexity="0" sequenceCoverage="0" branchCoverage="0" isConstructor="true" isStatic="false" isGetter="false" isSetter="false">
              <Summary numSequencePoints="0" visitedSequencePoints="0" numBranchPoints="0" visitedBranchPoints="0" sequenceCoverage="0" branchCoverage="0" maxCyclomaticComplexity="1" minCyclomaticComplexity="1" visitedClasses="0" numClasses="0" visitedMethods="0" numMethods="0" />
              <MetadataToken>100663298</MetadataToken>
              <Name>System.Void InMemoryDatabaseAspNetCore.Program::.ctor()</Name>
              <SequencePoints />
              <BranchPoints />
              <MethodPoint vc="0" uspid="5" ordinal="0" offset="0" />
            </Method>
          </Methods>
        </Class>
        <Class>
          <Summary numSequencePoints="25" visitedSequencePoints="0" numBranchPoints="6" visitedBranchPoints="0" sequenceCoverage="0" branchCoverage="0" maxCyclomaticComplexity="3" minCyclomaticComplexity="1" visitedClasses="0" numClasses="1" visitedMethods="0" numMethods="4" />
          <FullName>InMemoryDatabaseAspNetCore.Startup</FullName>
          <Methods>
            <Method skippedDueTo="AutoImplementedProperty" visited="false" cyclomaticComplexity="1" nPathComplexity="0" sequenceCoverage="0" branchCoverage="0" isConstructor="false" isStatic="false" isGetter="true" isSetter="false">
              <MetadataToken>100663300</MetadataToken>
              <Name>Microsoft.Extensions.Configuration.IConfigurationRoot InMemoryDatabaseAspNetCore.Startup::get_Configuration()</Name>
              <FileRef uid="2" />
              <SequencePoints />
              <BranchPoints />
            </Method>
            <Method visited="false" cyclomaticComplexity="1" nPathComplexity="0" sequenceCoverage="0" branchCoverage="0" isConstructor="true" isStatic="false" isGetter="false" isSetter="false">
              <Summary numSequencePoints="5" visitedSequencePoints="0" numBranchPoints="1" visitedBranchPoints="0" sequenceCoverage="0" branchCoverage="0" maxCyclomaticComplexity="1" minCyclomaticComplexity="1" visitedClasses="0" numClasses="0" visitedMethods="0" numMethods="1" />
              <MetadataToken>100663299</MetadataToken>
              <Name>System.Void InMemoryDatabaseAspNetCore.Startup::.ctor(Microsoft.AspNetCore.Hosting.IHostingEnvironment)</Name>
              <FileRef uid="2" />
              <SequencePoints>
                <SequencePoint vc="0" uspid="6" ordinal="0" offset="0" sl="14" sc="9" el="14" ec="48" bec="0" bev="0" fileid="2" />
                <SequencePoint vc="0" uspid="7" ordinal="1" offset="7" sl="15" sc="9" el="15" ec="10" bec="0" bev="0" fileid="2" />
                <SequencePoint vc="0" uspid="8" ordinal="2" offset="8" sl="16" sc="13" el="20" ec="44" bec="0" bev="0" fileid="2" />
                <SequencePoint vc="0" uspid="9" ordinal="3" offset="64" sl="21" sc="13" el="21" ec="45" bec="0" bev="0" fileid="2" />
                <SequencePoint vc="0" uspid="10" ordinal="4" offset="76" sl="22" sc="9" el="22" ec="10" bec="0" bev="0" fileid="2" />
              </SequencePoints>
              <BranchPoints />
              <MethodPoint xsi:type="SequencePoint" vc="0" uspid="6" ordinal="0" offset="0" sl="14" sc="9" el="14" ec="48" bec="0" bev="0" fileid="2" />
            </Method>
            <Method visited="false" cyclomaticComplexity="1" nPathComplexity="0" sequenceCoverage="0" branchCoverage="0" isConstructor="false" isStatic="false" isGetter="false" isSetter="false">
              <Summary numSequencePoints="5" visitedSequencePoints="0" numBranchPoints="1" visitedBranchPoints="0" sequenceCoverage="0" branchCoverage="0" maxCyclomaticComplexity="1" minCyclomaticComplexity="1" visitedClasses="0" numClasses="0" visitedMethods="0" numMethods="1" />
              <MetadataToken>100663301</MetadataToken>
              <Name>System.Void InMemoryDatabaseAspNetCore.Startup::ConfigureServices(Microsoft.Extensions.DependencyInjection.IServiceCollection)</Name>
              <FileRef uid="2" />
              <SequencePoints>
                <SequencePoint vc="0" uspid="11" ordinal="0" offset="0" sl="28" sc="9" el="28" ec="10" bec="0" bev="0" fileid="2" />
                <SequencePoint vc="0" uspid="12" ordinal="1" offset="1" sl="30" sc="13" el="30" ec="31" bec="0" bev="0" fileid="2" />
                <SequencePoint vc="0" uspid="13" ordinal="2" offset="8" sl="31" sc="13" el="32" ec="143" bec="0" bev="0" fileid="2" />
                <SequencePoint vc="0" uspid="14" ordinal="3" offset="33" sl="34" sc="13" el="36" ec="44" bec="0" bev="0" fileid="2" />
                <SequencePoint vc="0" uspid="15" ordinal="4" offset="50" sl="37" sc="9" el="37" ec="10" bec="0" bev="0" fileid="2" />
              </SequencePoints>
              <BranchPoints />
              <MethodPoint xsi:type="SequencePoint" vc="0" uspid="11" ordinal="0" offset="0" sl="28" sc="9" el="28" ec="10" bec="0" bev="0" fileid="2" />
            </Method>
            <Method visited="false" cyclomaticComplexity="3" nPathComplexity="2" sequenceCoverage="0" branchCoverage="0" isConstructor="false" isStatic="false" isGetter="false" isSetter="false">
              <Summary numSequencePoints="14" visitedSequencePoints="0" numBranchPoints="3" visitedBranchPoints="0" sequenceCoverage="0" branchCoverage="0" maxCyclomaticComplexity="3" minCyclomaticComplexity="3" visitedClasses="0" numClasses="0" visitedMethods="0" numMethods="1" />
              <MetadataToken>100663302</MetadataToken>
              <Name>System.Void InMemoryDatabaseAspNetCore.Startup::Configure(Microsoft.AspNetCore.Builder.IApplicationBuilder,Microsoft.AspNetCore.Hosting.IHostingEnvironment,Microsoft.Extensions.Logging.ILoggerFactory)</Name>
              <FileRef uid="2" />
              <SequencePoints>
                <SequencePoint vc="0" uspid="16" ordinal="0" offset="0" sl="41" sc="9" el="41" ec="10" bec="0" bev="0" fileid="2" />
                <SequencePoint vc="0" uspid="17" ordinal="1" offset="1" sl="42" sc="13" el="42" ec="75" bec="0" bev="0" fileid="2" />
                <SequencePoint vc="0" uspid="18" ordinal="2" offset="24" sl="43" sc="13" el="43" ec="38" bec="0" bev="0" fileid="2" />
                <SequencePoint vc="0" uspid="19" ordinal="3" offset="31" sl="45" sc="13" el="45" ec="37" bec="2" bev="0" fileid="2" />
                <SequencePoint vc="0" uspid="20" ordinal="4" offset="41" sl="46" sc="13" el="46" ec="14" bec="0" bev="0" fileid="2" />
                <SequencePoint vc="0" uspid="21" ordinal="5" offset="42" sl="47" sc="17" el="47" ec="49" bec="0" bev="0" fileid="2" />
                <SequencePoint vc="0" uspid="22" ordinal="6" offset="49" sl="48" sc="17" el="48" ec="38" bec="0" bev="0" fileid="2" />
                <SequencePoint vc="0" uspid="23" ordinal="7" offset="56" sl="49" sc="13" el="49" ec="14" bec="0" bev="0" fileid="2" />
                <SequencePoint vc="0" uspid="24" ordinal="8" offset="59" sl="51" sc="13" el="51" ec="14" bec="0" bev="0" fileid="2" />
                <SequencePoint vc="0" uspid="25" ordinal="9" offset="60" sl="52" sc="17" el="52" ec="56" bec="0" bev="0" fileid="2" />
                <SequencePoint vc="0" uspid="26" ordinal="10" offset="72" sl="53" sc="13" el="53" ec="14" bec="0" bev="0" fileid="2" />
                <SequencePoint vc="0" uspid="27" ordinal="11" offset="73" sl="55" sc="13" el="55" ec="34" bec="0" bev="0" fileid="2" />
                <SequencePoint vc="0" uspid="28" ordinal="12" offset="80" sl="57" sc="13" el="62" ec="16" bec="0" bev="0" fileid="2" />
                <SequencePoint vc="0" uspid="29" ordinal="13" offset="118" sl="63" sc="9" el="63" ec="10" bec="0" bev="0" fileid="2" />
              </SequencePoints>
              <BranchPoints>
                <BranchPoint vc="0" uspid="30" ordinal="0" offset="39" sl="45" path="0" offsetend="41" fileid="2" />
                <BranchPoint vc="0" uspid="31" ordinal="1" offset="39" sl="45" path="1" offsetend="59" fileid="2" />
              </BranchPoints>
              <MethodPoint xsi:type="SequencePoint" vc="0" uspid="16" ordinal="0" offset="0" sl="41" sc="9" el="41" ec="10" bec="0" bev="0" fileid="2" />
            </Method>
            <Method visited="false" cyclomaticComplexity="1" nPathComplexity="0" sequenceCoverage="0" branchCoverage="0" isConstructor="false" isStatic="false" isGetter="false" isSetter="false">
              <Summary numSequencePoints="1" visitedSequencePoints="0" numBranchPoints="1" visitedBranchPoints="0" sequenceCoverage="0" branchCoverage="0" maxCyclomaticComplexity="1" minCyclomaticComplexity="1" visitedClasses="0" numClasses="0" visitedMethods="0" numMethods="1" />
              <MetadataToken>100663303</MetadataToken>
              <Name>System.Void InMemoryDatabaseAspNetCore.Startup::&lt;ConfigureServices&gt;b__4_0(Microsoft.EntityFrameworkCore.DbContextOptionsBuilder)</Name>
              <FileRef uid="2" />
              <SequencePoints>
                <SequencePoint vc="0" uspid="34" ordinal="0" offset="0" sl="32" sc="63" el="32" ec="141" bec="0" bev="0" fileid="2" />
              </SequencePoints>
              <BranchPoints />
              <MethodPoint xsi:type="SequencePoint" vc="0" uspid="34" ordinal="0" offset="0" sl="32" sc="63" el="32" ec="141" bec="0" bev="0" fileid="2" />
            </Method>
          </Methods>
        </Class>
        <Class>
          <Summary numSequencePoints="3" visitedSequencePoints="0" numBranchPoints="1" visitedBranchPoints="0" sequenceCoverage="0" branchCoverage="0" maxCyclomaticComplexity="1" minCyclomaticComplexity="1" visitedClasses="0" numClasses="1" visitedMethods="0" numMethods="1" />
          <FullName>InMemoryDatabaseAspNetCore.Startup/&lt;&gt;c</FullName>
          <Methods>
            <Method visited="false" cyclomaticComplexity="1" nPathComplexity="0" sequenceCoverage="0" branchCoverage="0" isConstructor="true" isStatic="true" isGetter="false" isSetter="false">
              <Summary numSequencePoints="0" visitedSequencePoints="0" numBranchPoints="0" visitedBranchPoints="0" sequenceCoverage="0" branchCoverage="0" maxCyclomaticComplexity="1" minCyclomaticComplexity="1" visitedClasses="0" numClasses="0" visitedMethods="0" numMethods="0" />
              <MetadataToken>100663309</MetadataToken>
              <Name>System.Void InMemoryDatabaseAspNetCore.Startup/&lt;&gt;c::.cctor()</Name>
              <SequencePoints />
              <BranchPoints />
              <MethodPoint vc="0" uspid="35" ordinal="0" offset="0" />
            </Method>
            <Method visited="false" cyclomaticComplexity="1" nPathComplexity="0" sequenceCoverage="0" branchCoverage="0" isConstructor="true" isStatic="false" isGetter="false" isSetter="false">
              <Summary numSequencePoints="0" visitedSequencePoints="0" numBranchPoints="0" visitedBranchPoints="0" sequenceCoverage="0" branchCoverage="0" maxCyclomaticComplexity="1" minCyclomaticComplexity="1" visitedClasses="0" numClasses="0" visitedMethods="0" numMethods="0" />
              <MetadataToken>100663310</MetadataToken>
              <Name>System.Void InMemoryDatabaseAspNetCore.Startup/&lt;&gt;c::.ctor()</Name>
              <SequencePoints />
              <BranchPoints />
              <MethodPoint vc="0" uspid="36" ordinal="0" offset="0" />
            </Method>
            <Method visited="false" cyclomaticComplexity="1" nPathComplexity="0" sequenceCoverage="0" branchCoverage="0" isConstructor="false" isStatic="false" isGetter="false" isSetter="false">
              <Summary numSequencePoints="3" visitedSequencePoints="0" numBranchPoints="1" visitedBranchPoints="0" sequenceCoverage="0" branchCoverage="0" maxCyclomaticComplexity="1" minCyclomaticComplexity="1" visitedClasses="0" numClasses="0" visitedMethods="0" numMethods="1" />
              <MetadataToken>100663311</MetadataToken>
              <Name>System.Void InMemoryDatabaseAspNetCore.Startup/&lt;&gt;c::&lt;Configure&gt;b__5_0(Microsoft.AspNetCore.Routing.IRouteBuilder)</Name>
              <FileRef uid="2" />
              <SequencePoints>
                <SequencePoint vc="0" uspid="37" ordinal="0" offset="0" sl="58" sc="13" el="58" ec="14" bec="0" bev="0" fileid="2" />
                <SequencePoint vc="0" uspid="38" ordinal="1" offset="1" sl="59" sc="17" el="61" ec="73" bec="0" bev="0" fileid="2" />
                <SequencePoint vc="0" uspid="39" ordinal="2" offset="18" sl="62" sc="13" el="62" ec="14" bec="0" bev="0" fileid="2" />
              </SequencePoints>
              <BranchPoints />
              <MethodPoint xsi:type="SequencePoint" vc="0" uspid="37" ordinal="0" offset="0" sl="58" sc="13" el="58" ec="14" bec="0" bev="0" fileid="2" />
            </Method>
          </Methods>
        </Class>
        <Class>
          <Summary numSequencePoints="14" visitedSequencePoints="0" numBranchPoints="4" visitedBranchPoints="0" sequenceCoverage="0" branchCoverage="0" maxCyclomaticComplexity="1" minCyclomaticComplexity="1" visitedClasses="0" numClasses="1" visitedMethods="0" numMethods="4" />
          <FullName>InMemoryDatabaseAspNetCore.Controllers.HomeController</FullName>
          <Methods>
            <Method visited="false" cyclomaticComplexity="1" nPathComplexity="0" sequenceCoverage="0" branchCoverage="0" isConstructor="false" isStatic="false" isGetter="false" isSetter="false">
              <Summary numSequencePoints="3" visitedSequencePoints="0" numBranchPoints="1" visitedBranchPoints="0" sequenceCoverage="0" branchCoverage="0" maxCyclomaticComplexity="1" minCyclomaticComplexity="1" visitedClasses="0" numClasses="0" visitedMethods="0" numMethods="1" />
              <MetadataToken>100663304</MetadataToken>
              <Name>Microsoft.AspNetCore.Mvc.IActionResult InMemoryDatabaseAspNetCore.Controllers.HomeController::Index()</Name>
              <FileRef uid="4" />
              <SequencePoints>
                <SequencePoint vc="0" uspid="40" ordinal="0" offset="0" sl="12" sc="9" el="12" ec="10" bec="0" bev="0" fileid="4" />
                <SequencePoint vc="0" uspid="41" ordinal="1" offset="1" sl="13" sc="13" el="13" ec="27" bec="0" bev="0" fileid="4" />
                <SequencePoint vc="0" uspid="42" ordinal="2" offset="10" sl="14" sc="9" el="14" ec="10" bec="0" bev="0" fileid="4" />
              </SequencePoints>
              <BranchPoints />
              <MethodPoint xsi:type="SequencePoint" vc="0" uspid="40" ordinal="0" offset="0" sl="12" sc="9" el="12" ec="10" bec="0" bev="0" fileid="4" />
            </Method>
            <Method visited="false" cyclomaticComplexity="1" nPathComplexity="0" sequenceCoverage="0" branchCoverage="0" isConstructor="false" isStatic="false" isGetter="false" isSetter="false">
              <Summary numSequencePoints="4" visitedSequencePoints="0" numBranchPoints="1" visitedBranchPoints="0" sequenceCoverage="0" branchCoverage="0" maxCyclomaticComplexity="1" minCyclomaticComplexity="1" visitedClasses="0" numClasses="0" visitedMethods="0" numMethods="1" />
              <MetadataToken>100663305</MetadataToken>
              <Name>Microsoft.AspNetCore.Mvc.IActionResult InMemoryDatabaseAspNetCore.Controllers.HomeController::About()</Name>
              <FileRef uid="4" />
              <SequencePoints>
                <SequencePoint vc="0" uspid="43" ordinal="0" offset="0" sl="17" sc="9" el="17" ec="10" bec="0" bev="0" fileid="4" />
                <SequencePoint vc="0" uspid="44" ordinal="1" offset="1" sl="18" sc="13" el="18" ec="72" bec="0" bev="0" fileid="4" />
                <SequencePoint vc="0" uspid="45" ordinal="2" offset="23" sl="20" sc="13" el="20" ec="27" bec="0" bev="0" fileid="4" />
                <SequencePoint vc="0" uspid="46" ordinal="3" offset="32" sl="21" sc="9" el="21" ec="10" bec="0" bev="0" fileid="4" />
              </SequencePoints>
              <BranchPoints />
              <MethodPoint xsi:type="SequencePoint" vc="0" uspid="43" ordinal="0" offset="0" sl="17" sc="9" el="17" ec="10" bec="0" bev="0" fileid="4" />
            </Method>
            <Method visited="false" cyclomaticComplexity="1" nPathComplexity="0" sequenceCoverage="0" branchCoverage="0" isConstructor="false" isStatic="false" isGetter="false" isSetter="false">
              <Summary numSequencePoints="4" visitedSequencePoints="0" numBranchPoints="1" visitedBranchPoints="0" sequenceCoverage="0" branchCoverage="0" maxCyclomaticComplexity="1" minCyclomaticComplexity="1" visitedClasses="0" numClasses="0" visitedMethods="0" numMethods="1" />
              <MetadataToken>100663306</MetadataToken>
              <Name>Microsoft.AspNetCore.Mvc.IActionResult InMemoryDatabaseAspNetCore.Controllers.HomeController::Contact()</Name>
              <FileRef uid="4" />
              <SequencePoints>
                <SequencePoint vc="0" uspid="47" ordinal="0" offset="0" sl="24" sc="9" el="24" ec="10" bec="0" bev="0" fileid="4" />
                <SequencePoint vc="0" uspid="48" ordinal="1" offset="1" sl="25" sc="13" el="25" ec="56" bec="0" bev="0" fileid="4" />
                <SequencePoint vc="0" uspid="49" ordinal="2" offset="23" sl="27" sc="13" el="27" ec="27" bec="0" bev="0" fileid="4" />
                <SequencePoint vc="0" uspid="50" ordinal="3" offset="32" sl="28" sc="9" el="28" ec="10" bec="0" bev="0" fileid="4" />
              </SequencePoints>
              <BranchPoints />
              <MethodPoint xsi:type="SequencePoint" vc="0" uspid="47" ordinal="0" offset="0" sl="24" sc="9" el="24" ec="10" bec="0" bev="0" fileid="4" />
            </Method>
            <Method visited="false" cyclomaticComplexity="1" nPathComplexity="0" sequenceCoverage="0" branchCoverage="0" isConstructor="false" isStatic="false" isGetter="false" isSetter="false">
              <Summary numSequencePoints="3" visitedSequencePoints="0" numBranchPoints="1" visitedBranchPoints="0" sequenceCoverage="0" branchCoverage="0" maxCyclomaticComplexity="1" minCyclomaticComplexity="1" visitedClasses="0" numClasses="0" visitedMethods="0" numMethods="1" />
              <MetadataToken>100663307</MetadataToken>
              <Name>Microsoft.AspNetCore.Mvc.IActionResult InMemoryDatabaseAspNetCore.Controllers.HomeController::Error()</Name>
              <FileRef uid="4" />
              <SequencePoints>
                <SequencePoint vc="0" uspid="51" ordinal="0" offset="0" sl="31" sc="9" el="31" ec="10" bec="0" bev="0" fileid="4" />
                <SequencePoint vc="0" uspid="52" ordinal="1" offset="1" sl="32" sc="13" el="32" ec="27" bec="0" bev="0" fileid="4" />
                <SequencePoint vc="0" uspid="53" ordinal="2" offset="10" sl="33" sc="9" el="33" ec="10" bec="0" bev="0" fileid="4" />
              </SequencePoints>
              <BranchPoints />
              <MethodPoint xsi:type="SequencePoint" vc="0" uspid="51" ordinal="0" offset="0" sl="31" sc="9" el="31" ec="10" bec="0" bev="0" fileid="4" />
            </Method>
            <Method visited="false" cyclomaticComplexity="1" nPathComplexity="0" sequenceCoverage="0" branchCoverage="0" isConstructor="true" isStatic="false" isGetter="false" isSetter="false">
              <Summary numSequencePoints="0" visitedSequencePoints="0" numBranchPoints="0" visitedBranchPoints="0" sequenceCoverage="0" branchCoverage="0" maxCyclomaticComplexity="1" minCyclomaticComplexity="1" visitedClasses="0" numClasses="0" visitedMethods="0" numMethods="0" />
              <MetadataToken>100663308</MetadataToken>
              <Name>System.Void InMemoryDatabaseAspNetCore.Controllers.HomeController::.ctor()</Name>
              <SequencePoints />
              <BranchPoints />
              <MethodPoint vc="0" uspid="54" ordinal="0" offset="0" />
            </Method>
          </Methods>
        </Class>
      </Classes>
    </Module>
    <Module hash="C9-16-20-CA-CA-5B-07-BD-71-67-E3-84-FC-5C-3A-51-13-59-FA-7D">
      <Summary numSequencePoints="6" visitedSequencePoints="0" numBranchPoints="2" visitedBranchPoints="0" sequenceCoverage="0" branchCoverage="0" maxCyclomaticComplexity="1" minCyclomaticComplexity="1" visitedClasses="0" numClasses="2" visitedMethods="0" numMethods="2" />
      <ModulePath>D:\WORK\R&amp;D\UnitTestCodeCoverage\src\InMemory.Test\bin\Debug\netcoreapp1.1\InMemoryDatabaseAspNetCore.Model.dll</ModulePath>
      <ModuleTime>2017-03-11T10:17:35.97434Z</ModuleTime>
      <ModuleName>InMemoryDatabaseAspNetCore.Model</ModuleName>
      <Files>
        <File uid="9" fullPath="D:\WORK\R&amp;D\UnitTestCodeCoverage\src\InMemoryDatabaseAspNetCore.Model\ApplicationUser.cs" />
        <File uid="10" fullPath="D:\WORK\R&amp;D\UnitTestCodeCoverage\src\InMemoryDatabaseAspNetCore.Model\InMemoryContext.cs" />
      </Files>
      <Classes>
        <Class>
          <Summary numSequencePoints="3" visitedSequencePoints="0" numBranchPoints="1" visitedBranchPoints="0" sequenceCoverage="0" branchCoverage="0" maxCyclomaticComplexity="1" minCyclomaticComplexity="1" visitedClasses="0" numClasses="1" visitedMethods="0" numMethods="1" />
          <FullName>InMemoryDatabaseAspNetCore.Model.ApplicationUser</FullName>
          <Methods>
            <Method skippedDueTo="AutoImplementedProperty" visited="false" cyclomaticComplexity="1" nPathComplexity="0" sequenceCoverage="0" branchCoverage="0" isConstructor="false" isStatic="false" isGetter="true" isSetter="false">
              <MetadataToken>100663298</MetadataToken>
              <Name>System.String InMemoryDatabaseAspNetCore.Model.ApplicationUser::get_Name()</Name>
              <FileRef uid="9" />
              <SequencePoints />
              <BranchPoints />
            </Method>
            <Method skippedDueTo="AutoImplementedProperty" visited="false" cyclomaticComplexity="1" nPathComplexity="0" sequenceCoverage="0" branchCoverage="0" isConstructor="false" isStatic="false" isGetter="false" isSetter="true">
              <MetadataToken>100663299</MetadataToken>
              <Name>System.Void InMemoryDatabaseAspNetCore.Model.ApplicationUser::set_Name(System.String)</Name>
              <FileRef uid="9" />
              <SequencePoints />
              <BranchPoints />
            </Method>
            <Method skippedDueTo="AutoImplementedProperty" visited="false" cyclomaticComplexity="1" nPathComplexity="0" sequenceCoverage="0" branchCoverage="0" isConstructor="false" isStatic="false" isGetter="true" isSetter="false">
              <MetadataToken>100663300</MetadataToken>
              <Name>System.String InMemoryDatabaseAspNetCore.Model.ApplicationUser::get_Address()</Name>
              <FileRef uid="9" />
              <SequencePoints />
              <BranchPoints />
            </Method>
            <Method skippedDueTo="AutoImplementedProperty" visited="false" cyclomaticComplexity="1" nPathComplexity="0" sequenceCoverage="0" branchCoverage="0" isConstructor="false" isStatic="false" isGetter="false" isSetter="true">
              <MetadataToken>100663301</MetadataToken>
              <Name>System.Void InMemoryDatabaseAspNetCore.Model.ApplicationUser::set_Address(System.String)</Name>
              <FileRef uid="9" />
              <SequencePoints />
              <BranchPoints />
            </Method>
            <Method skippedDueTo="AutoImplementedProperty" visited="false" cyclomaticComplexity="1" nPathComplexity="0" sequenceCoverage="0" branchCoverage="0" isConstructor="false" isStatic="false" isGetter="true" isSetter="false">
              <MetadataToken>100663302</MetadataToken>
              <Name>System.String InMemoryDatabaseAspNetCore.Model.ApplicationUser::get_City()</Name>
              <FileRef uid="9" />
              <SequencePoints />
              <BranchPoints />
            </Method>
            <Method skippedDueTo="AutoImplementedProperty" visited="false" cyclomaticComplexity="1" nPathComplexity="0" sequenceCoverage="0" branchCoverage="0" isConstructor="false" isStatic="false" isGetter="false" isSetter="true">
              <MetadataToken>100663303</MetadataToken>
              <Name>System.Void InMemoryDatabaseAspNetCore.Model.ApplicationUser::set_City(System.String)</Name>
              <FileRef uid="9" />
              <SequencePoints />
              <BranchPoints />
            </Method>
            <Method skippedDueTo="AutoImplementedProperty" visited="false" cyclomaticComplexity="1" nPathComplexity="0" sequenceCoverage="0" branchCoverage="0" isConstructor="false" isStatic="false" isGetter="true" isSetter="false">
              <MetadataToken>100663304</MetadataToken>
              <Name>System.String InMemoryDatabaseAspNetCore.Model.ApplicationUser::get_State()</Name>
              <FileRef uid="9" />
              <SequencePoints />
              <BranchPoints />
            </Method>
            <Method skippedDueTo="AutoImplementedProperty" visited="false" cyclomaticComplexity="1" nPathComplexity="0" sequenceCoverage="0" branchCoverage="0" isConstructor="false" isStatic="false" isGetter="false" isSetter="true">
              <MetadataToken>100663305</MetadataToken>
              <Name>System.Void InMemoryDatabaseAspNetCore.Model.ApplicationUser::set_State(System.String)</Name>
              <FileRef uid="9" />
              <SequencePoints />
              <BranchPoints />
            </Method>
            <Method skippedDueTo="AutoImplementedProperty" visited="false" cyclomaticComplexity="1" nPathComplexity="0" sequenceCoverage="0" branchCoverage="0" isConstructor="false" isStatic="false" isGetter="true" isSetter="false">
              <MetadataToken>100663306</MetadataToken>
              <Name>System.String InMemoryDatabaseAspNetCore.Model.ApplicationUser::get_Country()</Name>
              <FileRef uid="9" />
              <SequencePoints />
              <BranchPoints />
            </Method>
            <Method skippedDueTo="AutoImplementedProperty" visited="false" cyclomaticComplexity="1" nPathComplexity="0" sequenceCoverage="0" branchCoverage="0" isConstructor="false" isStatic="false" isGetter="false" isSetter="true">
              <MetadataToken>100663307</MetadataToken>
              <Name>System.Void InMemoryDatabaseAspNetCore.Model.ApplicationUser::set_Country(System.String)</Name>
              <FileRef uid="9" />
              <SequencePoints />
              <BranchPoints />
            </Method>
            <Method skippedDueTo="AutoImplementedProperty" visited="false" cyclomaticComplexity="1" nPathComplexity="0" sequenceCoverage="0" branchCoverage="0" isConstructor="false" isStatic="false" isGetter="true" isSetter="false">
              <MetadataToken>100663308</MetadataToken>
              <Name>System.DateTime InMemoryDatabaseAspNetCore.Model.ApplicationUser::get_Birthday()</Name>
              <FileRef uid="9" />
              <SequencePoints />
              <BranchPoints />
            </Method>
            <Method skippedDueTo="AutoImplementedProperty" visited="false" cyclomaticComplexity="1" nPathComplexity="0" sequenceCoverage="0" branchCoverage="0" isConstructor="false" isStatic="false" isGetter="false" isSetter="true">
              <MetadataToken>100663309</MetadataToken>
              <Name>System.Void InMemoryDatabaseAspNetCore.Model.ApplicationUser::set_Birthday(System.DateTime)</Name>
              <FileRef uid="9" />
              <SequencePoints />
              <BranchPoints />
            </Method>
            <Method skippedDueTo="AutoImplementedProperty" visited="false" cyclomaticComplexity="1" nPathComplexity="0" sequenceCoverage="0" branchCoverage="0" isConstructor="false" isStatic="false" isGetter="true" isSetter="false">
              <MetadataToken>100663310</MetadataToken>
              <Name>System.String InMemoryDatabaseAspNetCore.Model.ApplicationUser::get_Gender()</Name>
              <FileRef uid="9" />
              <SequencePoints />
              <BranchPoints />
            </Method>
            <Method skippedDueTo="AutoImplementedProperty" visited="false" cyclomaticComplexity="1" nPathComplexity="0" sequenceCoverage="0" branchCoverage="0" isConstructor="false" isStatic="false" isGetter="false" isSetter="true">
              <MetadataToken>100663311</MetadataToken>
              <Name>System.Void InMemoryDatabaseAspNetCore.Model.ApplicationUser::set_Gender(System.String)</Name>
              <FileRef uid="9" />
              <SequencePoints />
              <BranchPoints />
            </Method>
            <Method visited="false" cyclomaticComplexity="1" nPathComplexity="0" sequenceCoverage="0" branchCoverage="0" isConstructor="true" isStatic="false" isGetter="false" isSetter="false">
              <Summary numSequencePoints="3" visitedSequencePoints="0" numBranchPoints="1" visitedBranchPoints="0" sequenceCoverage="0" branchCoverage="0" maxCyclomaticComplexity="1" minCyclomaticComplexity="1" visitedClasses="0" numClasses="0" visitedMethods="0" numMethods="1" />
              <MetadataToken>100663297</MetadataToken>
              <Name>System.Void InMemoryDatabaseAspNetCore.Model.ApplicationUser::.ctor()</Name>
              <FileRef uid="9" />
              <SequencePoints>
                <SequencePoint vc="0" uspid="55" ordinal="0" offset="0" sl="9" sc="9" el="9" ec="33" bec="0" bev="0" fileid="9" />
                <SequencePoint vc="0" uspid="56" ordinal="1" offset="7" sl="10" sc="9" el="10" ec="10" bec="0" bev="0" fileid="9" />
                <SequencePoint vc="0" uspid="57" ordinal="2" offset="8" sl="12" sc="9" el="12" ec="10" bec="0" bev="0" fileid="9" />
              </SequencePoints>
              <BranchPoints />
              <MethodPoint xsi:type="SequencePoint" vc="0" uspid="55" ordinal="0" offset="0" sl="9" sc="9" el="9" ec="33" bec="0" bev="0" fileid="9" />
            </Method>
          </Methods>
        </Class>
        <Class>
          <Summary numSequencePoints="3" visitedSequencePoints="0" numBranchPoints="1" visitedBranchPoints="0" sequenceCoverage="0" branchCoverage="0" maxCyclomaticComplexity="1" minCyclomaticComplexity="1" visitedClasses="0" numClasses="1" visitedMethods="0" numMethods="1" />
          <FullName>InMemoryDatabaseAspNetCore.Model.InMemoryContext</FullName>
          <Methods>
            <Method visited="false" cyclomaticComplexity="1" nPathComplexity="0" sequenceCoverage="0" branchCoverage="0" isConstructor="true" isStatic="false" isGetter="false" isSetter="false">
              <Summary numSequencePoints="3" visitedSequencePoints="0" numBranchPoints="1" visitedBranchPoints="0" sequenceCoverage="0" branchCoverage="0" maxCyclomaticComplexity="1" minCyclomaticComplexity="1" visitedClasses="0" numClasses="0" visitedMethods="0" numMethods="1" />
              <MetadataToken>100663312</MetadataToken>
              <Name>System.Void InMemoryDatabaseAspNetCore.Model.InMemoryContext::.ctor(Microsoft.EntityFrameworkCore.DbContextOptions)</Name>
              <FileRef uid="10" />
              <SequencePoints>
                <SequencePoint vc="0" uspid="58" ordinal="0" offset="0" sl="12" sc="60" el="12" ec="73" bec="0" bev="0" fileid="10" />
                <SequencePoint vc="0" uspid="59" ordinal="1" offset="8" sl="13" sc="9" el="13" ec="10" bec="0" bev="0" fileid="10" />
                <SequencePoint vc="0" uspid="60" ordinal="2" offset="9" sl="14" sc="9" el="14" ec="10" bec="0" bev="0" fileid="10" />
              </SequencePoints>
              <BranchPoints />
              <MethodPoint xsi:type="SequencePoint" vc="0" uspid="58" ordinal="0" offset="0" sl="12" sc="60" el="12" ec="73" bec="0" bev="0" fileid="10" />
            </Method>
          </Methods>
        </Class>
      </Classes>
    </Module>
  </Modules>
</CoverageSession>